<?xml version="1.0" encoding="UTF-8"?>
<!-- Generated by org.testng.reporters.JUnitReportReporter -->
<testsuite hostname="Raid" failures="0" tests="1" name="Sprint1.Day1" time="7.791" errors="0" timestamp="2022-04-10T12:21:27 EDT" skipped="0">
  <testcase classname="Sprint1.Day1" name="Opening" time="7.791"/>
  <system-out/>
</testsuite> <!-- Sprint1.Day1 -->
